# JRE version: OpenJDK Runtime Environment (8.0_265-b01) (build 1.8.0_265-b01)
# Java VM: OpenJDK 64-Bit Server VM (25.265-b01 mixed mode linux-amd64 compressed oops)
Heap:
 PSYoungGen      total 5483008K, used 2398036K [0x0000000595580000, 0x00000006eaa80000, 0x00000007c0000000)
  eden space 5374976K, 43% used [0x0000000595580000,0x00000006259c9e90,0x00000006dd680000)
  from space 108032K, 31% used [0x00000006e4100000,0x00000006e628b530,0x00000006eaa80000)
  to   space 108544K, 0% used [0x00000006dd680000,0x00000006dd680000,0x00000006e4080000)
 ParOldGen       total 16592384K, used 2397956K [0x0000000140000000, 0x0000000534b80000, 0x0000000595580000)
  object space 16592384K, 14% used [0x0000000140000000,0x00000001d25c1060,0x0000000534b80000)
 Metaspace       used 94188K, capacity 98527K, committed 98560K, reserved 1134592K
  class space    used 11621K, capacity 12516K, committed 12544K, reserved 1048576K
GC Heap History (10 events):
Event: 3373.969 GC heap before
{Heap before GC invocations=175 (full 5):
 PSYoungGen      total 5479424K, used 5427784K [0x0000000595580000, 0x00000006eaa80000, 0x00000007c0000000)
  eden space 5368320K, 100% used [0x0000000595580000,0x00000006dd000000,0x00000006dd000000)
  from space 111104K, 53% used [0x00000006dd000000,0x00000006e0a12218,0x00000006e3c80000)
  to   space 109568K, 0% used [0x00000006e3f80000,0x00000006e3f80000,0x00000006eaa80000)
 ParOldGen       total 16592384K, used 2369760K [0x0000000140000000, 0x0000000534b80000, 0x0000000595580000)
  object space 16592384K, 14% used [0x0000000140000000,0x00000001d0a38160,0x0000000534b80000)
 Metaspace       used 94140K, capacity 98425K, committed 98560K, reserved 1134592K
  class space    used 11616K, capacity 12483K, committed 12544K, reserved 1048576K
Event: 3373.986 GC heap after
Heap after GC invocations=175 (full 5):
 PSYoungGen      total 5484032K, used 59701K [0x0000000595580000, 0x00000006eaa80000, 0x00000007c0000000)
  eden space 5374464K, 0% used [0x0000000595580000,0x0000000595580000,0x00000006dd600000)
  from space 109568K, 54% used [0x00000006e3f80000,0x00000006e79cd438,0x00000006eaa80000)
  to   space 108032K, 0% used [0x00000006dd600000,0x00000006dd600000,0x00000006e3f80000)
 ParOldGen       total 16592384K, used 2369920K [0x0000000140000000, 0x0000000534b80000, 0x0000000595580000)
  object space 16592384K, 14% used [0x0000000140000000,0x00000001d0a60160,0x0000000534b80000)
 Metaspace       used 94140K, capacity 98425K, committed 98560K, reserved 1134592K
  class space    used 11616K, capacity 12483K, committed 12544K, reserved 1048576K
}
Event: 3415.642 GC heap before
{Heap before GC invocations=176 (full 5):
 PSYoungGen      total 5484032K, used 5434165K [0x0000000595580000, 0x00000006eaa80000, 0x00000007c0000000)
  eden space 5374464K, 100% used [0x0000000595580000,0x00000006dd600000,0x00000006dd600000)
  from space 109568K, 54% used [0x00000006e3f80000,0x00000006e79cd438,0x00000006eaa80000)
  to   space 108032K, 0% used [0x00000006dd600000,0x00000006dd600000,0x00000006e3f80000)
 ParOldGen       total 16592384K, used 2369920K [0x0000000140000000, 0x0000000534b80000, 0x0000000595580000)
  object space 16592384K, 14% used [0x0000000140000000,0x00000001d0a60160,0x0000000534b80000)
 Metaspace       used 94140K, capacity 98425K, committed 98560K, reserved 1134592K
  class space    used 11616K, capacity 12483K, committed 12544K, reserved 1048576K
Event: 3415.656 GC heap after
Heap after GC invocations=176 (full 5):
 PSYoungGen      total 5482496K, used 56436K [0x0000000595580000, 0x00000006eaa80000, 0x00000007c0000000)
  eden space 5374464K, 0% used [0x0000000595580000,0x0000000595580000,0x00000006dd600000)
  from space 108032K, 52% used [0x00000006dd600000,0x00000006e0d1d108,0x00000006e3f80000)
  to   space 106496K, 0% used [0x00000006e4280000,0x00000006e4280000,0x00000006eaa80000)
 ParOldGen       total 16592384K, used 2373504K [0x0000000140000000, 0x0000000534b80000, 0x0000000595580000)
  object space 16592384K, 14% used [0x0000000140000000,0x00000001d0de0160,0x0000000534b80000)
 Metaspace       used 94140K, capacity 98425K, committed 98560K, reserved 1134592K
  class space    used 11616K, capacity 12483K, committed 12544K, reserved 1048576K
}
Event: 3445.489 GC heap before
{Heap before GC invocations=177 (full 5):
 PSYoungGen      total 5482496K, used 5430900K [0x0000000595580000, 0x00000006eaa80000, 0x00000007c0000000)
  eden space 5374464K, 100% used [0x0000000595580000,0x00000006dd600000,0x00000006dd600000)
  from space 108032K, 52% used [0x00000006dd600000,0x00000006e0d1d108,0x00000006e3f80000)
  to   space 106496K, 0% used [0x00000006e4280000,0x00000006e4280000,0x00000006eaa80000)
 ParOldGen       total 16592384K, used 2373504K [0x0000000140000000, 0x0000000534b80000, 0x0000000595580000)
  object space 16592384K, 14% used [0x0000000140000000,0x00000001d0de0160,0x0000000534b80000)
 Metaspace       used 94185K, capacity 98527K, committed 98560K, reserved 1134592K
  class space    used 11620K, capacity 12516K, committed 12544K, reserved 1048576K
Event: 3445.503 GC heap after
Heap after GC invocations=177 (full 5):
 PSYoungGen      total 5485568K, used 46365K [0x0000000595580000, 0x00000006eaa80000, 0x00000007c0000000)
  eden space 5379072K, 0% used [0x0000000595580000,0x0000000595580000,0x00000006dda80000)
  from space 106496K, 43% used [0x00000006e4280000,0x00000006e6fc7790,0x00000006eaa80000)
  to   space 106496K, 0% used [0x00000006dda80000,0x00000006dda80000,0x00000006e4280000)
 ParOldGen       total 16592384K, used 2383988K [0x0000000140000000, 0x0000000534b80000, 0x0000000595580000)
  object space 16592384K, 14% used [0x0000000140000000,0x00000001d181d038,0x0000000534b80000)
 Metaspace       used 94185K, capacity 98527K, committed 98560K, reserved 1134592K
  class space    used 11620K, capacity 12516K, committed 12544K, reserved 1048576K
}
Event: 3466.816 GC heap before
{Heap before GC invocations=178 (full 5):
 PSYoungGen      total 5485568K, used 5425437K [0x0000000595580000, 0x00000006eaa80000, 0x00000007c0000000)
  eden space 5379072K, 100% used [0x0000000595580000,0x00000006dda80000,0x00000006dda80000)
  from space 106496K, 43% used [0x00000006e4280000,0x00000006e6fc7790,0x00000006eaa80000)
  to   space 106496K, 0% used [0x00000006dda80000,0x00000006dda80000,0x00000006e4280000)
 ParOldGen       total 16592384K, used 2383988K [0x0000000140000000, 0x0000000534b80000, 0x0000000595580000)
  object space 16592384K, 14% used [0x0000000140000000,0x00000001d181d038,0x0000000534b80000)
 Metaspace       used 94185K, capacity 98527K, committed 98560K, reserved 1134592K
  class space    used 11620K, capacity 12516K, committed 12544K, reserved 1048576K
Event: 3466.829 GC heap after
Heap after GC invocations=178 (full 5):
 PSYoungGen      total 5413888K, used 34437K [0x0000000595580000, 0x00000006eaa80000, 0x00000007c0000000)
  eden space 5379072K, 0% used [0x0000000595580000,0x0000000595580000,0x00000006dda80000)
  from space 34816K, 98% used [0x00000006dda80000,0x00000006dfc21600,0x00000006dfc80000)
  to   space 108032K, 0% used [0x00000006e4100000,0x00000006e4100000,0x00000006eaa80000)
 ParOldGen       total 16592384K, used 2397740K [0x0000000140000000, 0x0000000534b80000, 0x0000000595580000)
  object space 16592384K, 14% used [0x0000000140000000,0x00000001d258b060,0x0000000534b80000)
 Metaspace       used 94185K, capacity 98527K, committed 98560K, reserved 1134592K
  class space    used 11620K, capacity 12516K, committed 12544K, reserved 1048576K
}
Event: 3488.691 GC heap before
{Heap before GC invocations=179 (full 5):
 PSYoungGen      total 5413888K, used 5413509K [0x0000000595580000, 0x00000006eaa80000, 0x00000007c0000000)
  eden space 5379072K, 100% used [0x0000000595580000,0x00000006dda80000,0x00000006dda80000)
  from space 34816K, 98% used [0x00000006dda80000,0x00000006dfc21600,0x00000006dfc80000)
  to   space 108032K, 0% used [0x00000006e4100000,0x00000006e4100000,0x00000006eaa80000)
 ParOldGen       total 16592384K, used 2397740K [0x0000000140000000, 0x0000000534b80000, 0x0000000595580000)
  object space 16592384K, 14% used [0x0000000140000000,0x00000001d258b060,0x0000000534b80000)
 Metaspace       used 94186K, capacity 98527K, committed 98560K, reserved 1134592K
  class space    used 11620K, capacity 12516K, committed 12544K, reserved 1048576K
Event: 3488.701 GC heap after
Heap after GC invocations=179 (full 5):
 PSYoungGen      total 5483008K, used 34349K [0x0000000595580000, 0x00000006eaa80000, 0x00000007c0000000)
  eden space 5374976K, 0% used [0x0000000595580000,0x0000000595580000,0x00000006dd680000)
  from space 108032K, 31% used [0x00000006e4100000,0x00000006e628b530,0x00000006eaa80000)
  to   space 108544K, 0% used [0x00000006dd680000,0x00000006dd680000,0x00000006e4080000)
 ParOldGen       total 16592384K, used 2397956K [0x0000000140000000, 0x0000000534b80000, 0x0000000595580000)
  object space 16592384K, 14% used [0x0000000140000000,0x00000001d25c1060,0x0000000534b80000)
 Metaspace       used 94186K, capacity 98527K, committed 98560K, reserved 1134592K
  class space    used 11620K, capacity 12516K, committed 12544K, reserved 1048576K
}

